11-21 11:02:28 com_github_MitjaNemec_Archive3DModels.action_archive_3d_models 210:Plugin executed on: 'win32'
11-21 11:02:28 com_github_MitjaNemec_Archive3DModels.action_archive_3d_models 211:Plugin executed with python version: '3.9.10 (main, Jun 24 2022, 05:34:59) [MSC v.1932 64 bit (AMD64)]'
11-21 11:02:28 com_github_MitjaNemec_Archive3DModels.action_archive_3d_models 212:KiCad build version: (6.0.6)
11-21 11:02:28 com_github_MitjaNemec_Archive3DModels.action_archive_3d_models 213:Plugin version: 1.0.3

11-21 11:02:29 com_github_MitjaNemec_Archive3DModels.archive_3d_models 13:Starting to archive 3D models
11-21 11:02:29 com_github_MitjaNemec_Archive3DModels.archive_3d_models 34:Getting 3D models for footprint of: G***
11-21 11:02:29 com_github_MitjaNemec_Archive3DModels.archive_3d_models 34:Getting 3D models for footprint of: S1
11-21 11:02:29 com_github_MitjaNemec_Archive3DModels.archive_3d_models 45:Trying to copy: ${KIPRJMOD}/packages3D/2 Position Slide Switch, Vertical.STEP
11-21 11:02:29 com_github_MitjaNemec_Archive3DModels.archive_3d_models 105:Remapping: ${KIPRJMOD}/packages3D/2 Position Slide Switch, Vertical.STEP
11-21 11:02:29 com_github_MitjaNemec_Archive3DModels.archive_3d_models 45:Trying to copy: ${KIPRJMOD}/packages3D/2 Position Slide Switch, Vertical.STEP
11-21 11:02:29 com_github_MitjaNemec_Archive3DModels.archive_3d_models 105:Remapping: ${KIPRJMOD}/packages3D/2 Position Slide Switch, Vertical.STEP
11-21 11:02:29 com_github_MitjaNemec_Archive3DModels.archive_3d_models 34:Getting 3D models for footprint of: J1
11-21 11:02:29 com_github_MitjaNemec_Archive3DModels.archive_3d_models 45:Trying to copy: ${KIPRJMOD}/packages3D/Altech_AK300_1x02_P5.00mm_45-Degree.step
11-21 11:02:29 com_github_MitjaNemec_Archive3DModels.archive_3d_models 105:Remapping: ${KIPRJMOD}/packages3D/Altech_AK300_1x02_P5.00mm_45-Degree.step
11-21 11:02:29 com_github_MitjaNemec_Archive3DModels.archive_3d_models 45:Trying to copy: ${KIPRJMOD}/packages3D/Altech_AK300_1x02_P5.00mm_45-Degree.step
11-21 11:02:29 com_github_MitjaNemec_Archive3DModels.archive_3d_models 105:Remapping: ${KIPRJMOD}/packages3D/Altech_AK300_1x02_P5.00mm_45-Degree.step
11-21 11:02:29 com_github_MitjaNemec_Archive3DModels.archive_3d_models 34:Getting 3D models for footprint of: BT1
11-21 11:02:29 com_github_MitjaNemec_Archive3DModels.archive_3d_models 45:Trying to copy: ${KICAD6_3DMODEL_DIR}/Battery.3dshapes/BatteryHolder_Keystone_3008_1x2450.step
11-21 11:02:29 com_github_MitjaNemec_Archive3DModels.archive_3d_models 105:Remapping: ${KICAD6_3DMODEL_DIR}/Battery.3dshapes/BatteryHolder_Keystone_3008_1x2450.step
11-21 11:02:29 com_github_MitjaNemec_Archive3DModels.archive_3d_models 34:Getting 3D models for footprint of: R2
11-21 11:02:29 com_github_MitjaNemec_Archive3DModels.archive_3d_models 45:Trying to copy: ${KIPRJMOD}/packages3D/R_0805_2012Metric.wrl
11-21 11:02:29 com_github_MitjaNemec_Archive3DModels.archive_3d_models 105:Remapping: ${KIPRJMOD}/packages3D/R_0805_2012Metric.wrl
11-21 11:02:29 com_github_MitjaNemec_Archive3DModels.archive_3d_models 34:Getting 3D models for footprint of: G***
11-21 11:02:29 com_github_MitjaNemec_Archive3DModels.archive_3d_models 34:Getting 3D models for footprint of: D2
11-21 11:02:29 com_github_MitjaNemec_Archive3DModels.archive_3d_models 45:Trying to copy: ${KIPRJMOD}/packages3D/LED_D5.0mm_Clear.wrl
11-21 11:02:29 com_github_MitjaNemec_Archive3DModels.archive_3d_models 105:Remapping: ${KIPRJMOD}/packages3D/LED_D5.0mm_Clear.wrl
11-21 11:02:29 com_github_MitjaNemec_Archive3DModels.archive_3d_models 34:Getting 3D models for footprint of: C1
11-21 11:02:29 com_github_MitjaNemec_Archive3DModels.archive_3d_models 45:Trying to copy: ${KIPRJMOD}/packages3D/C_1206_3216Metric.wrl
11-21 11:02:29 com_github_MitjaNemec_Archive3DModels.archive_3d_models 105:Remapping: ${KIPRJMOD}/packages3D/C_1206_3216Metric.wrl
11-21 11:02:29 com_github_MitjaNemec_Archive3DModels.archive_3d_models 34:Getting 3D models for footprint of: D1
11-21 11:02:29 com_github_MitjaNemec_Archive3DModels.archive_3d_models 45:Trying to copy: ${KIPRJMOD}/packages3D/LED_0805_2012Metric.wrl
11-21 11:02:29 com_github_MitjaNemec_Archive3DModels.archive_3d_models 105:Remapping: ${KIPRJMOD}/packages3D/LED_0805_2012Metric.wrl
11-21 11:02:29 com_github_MitjaNemec_Archive3DModels.archive_3d_models 34:Getting 3D models for footprint of: R1
11-21 11:02:29 com_github_MitjaNemec_Archive3DModels.archive_3d_models 45:Trying to copy: ${KIPRJMOD}/packages3D/R_01005_0402Metric.wrl
11-21 11:02:29 com_github_MitjaNemec_Archive3DModels.archive_3d_models 105:Remapping: ${KIPRJMOD}/packages3D/R_01005_0402Metric.wrl
11-21 11:02:29 com_github_MitjaNemec_Archive3DModels.archive_3d_models 34:Getting 3D models for footprint of: R4
11-21 11:02:29 com_github_MitjaNemec_Archive3DModels.archive_3d_models 45:Trying to copy: ${KIPRJMOD}/packages3D/R_Axial_DIN0207_L6.3mm_D2.5mm_P7.62mm_Horizontal.wrl
11-21 11:02:29 com_github_MitjaNemec_Archive3DModels.archive_3d_models 105:Remapping: ${KIPRJMOD}/packages3D/R_Axial_DIN0207_L6.3mm_D2.5mm_P7.62mm_Horizontal.wrl
11-21 11:02:29 com_github_MitjaNemec_Archive3DModels.archive_3d_models 34:Getting 3D models for footprint of: G***
11-21 11:02:29 com_github_MitjaNemec_Archive3DModels.archive_3d_models 34:Getting 3D models for footprint of: R3
11-21 11:02:29 com_github_MitjaNemec_Archive3DModels.archive_3d_models 45:Trying to copy: ${KICAD6_3DMODEL_DIR}/Resistor_THT.3dshapes/R_Axial_DIN0204_L3.6mm_D1.6mm_P2.54mm_Vertical.wrl
11-21 11:02:29 com_github_MitjaNemec_Archive3DModels.archive_3d_models 105:Remapping: ${KICAD6_3DMODEL_DIR}/Resistor_THT.3dshapes/R_Axial_DIN0204_L3.6mm_D1.6mm_P2.54mm_Vertical.wrl
11-21 11:02:29 com_github_MitjaNemec_Archive3DModels.archive_3d_models 34:Getting 3D models for footprint of: C2
11-21 11:02:29 com_github_MitjaNemec_Archive3DModels.archive_3d_models 45:Trying to copy: ${KIPRJMOD}/packages3D/CP_Radial_D4.0mm_P2.00mm.wrl
11-21 11:02:29 com_github_MitjaNemec_Archive3DModels.archive_3d_models 105:Remapping: ${KIPRJMOD}/packages3D/CP_Radial_D4.0mm_P2.00mm.wrl
11-21 11:02:29 com_github_MitjaNemec_Archive3DModels.archive_3d_models 34:Getting 3D models for footprint of: Q1
11-21 11:02:29 com_github_MitjaNemec_Archive3DModels.archive_3d_models 45:Trying to copy: ${KIPRJMOD}/packages3D/SOT-23.wrl
11-21 11:02:29 com_github_MitjaNemec_Archive3DModels.archive_3d_models 105:Remapping: ${KIPRJMOD}/packages3D/SOT-23.wrl
11-21 11:02:29 com_github_MitjaNemec_Archive3DModels.archive_3d_models 34:Getting 3D models for footprint of: Q2
11-21 11:02:29 com_github_MitjaNemec_Archive3DModels.archive_3d_models 45:Trying to copy: ${KICAD6_3DMODEL_DIR}/Package_TO_SOT_THT.3dshapes/TO-92_Inline_Wide.wrl
11-21 11:02:29 com_github_MitjaNemec_Archive3DModels.archive_3d_models 105:Remapping: ${KICAD6_3DMODEL_DIR}/Package_TO_SOT_THT.3dshapes/TO-92_Inline_Wide.wrl
11-21 11:02:29 com_github_MitjaNemec_Archive3DModels.archive_3d_models 34:Getting 3D models for footprint of: G***
11-21 11:02:29 com_github_MitjaNemec_Archive3DModels.archive_3d_models 34:Getting 3D models for footprint of: G***
